<?xml version="1.0" encoding="UTF-8"?>
<!-- Generated by org.testng.reporters.JUnitReportReporter -->
<testsuite skipped="0" hostname="DESKTOP-8I3R0CG" name="ebay.ebayTest" tests="1" failures="0" timestamp="27 Jul 2020 08:39:36 GMT" time="23.890" errors="0">
  <testcase name="searchDress" time="23.890" classname="ebay.ebayTest"/>
</testsuite> <!-- ebay.ebayTest -->
