<?xml version="1.0" encoding="UTF-8"?>
<!-- Generated by org.testng.reporters.JUnitReportReporter -->
<testsuite skipped="0" hostname="DESKTOP-8I3R0CG" name="GoogleTest.GoogleTest" tests="13" failures="0" timestamp="27 Jul 2020 08:15:20 GMT" time="202.909" errors="0">
  <testcase name="test10" time="14.524" classname="GoogleTest.GoogleTest"/>
  <testcase name="test6" time="15.086" classname="GoogleTest.GoogleTest"/>
  <testcase name="test12" time="14.205" classname="GoogleTest.GoogleTest"/>
  <testcase name="test9" time="15.846" classname="GoogleTest.GoogleTest"/>
  <testcase name="test3" time="10.908" classname="GoogleTest.GoogleTest"/>
  <testcase name="test2" time="15.654" classname="GoogleTest.GoogleTest"/>
  <testcase name="test5" time="21.380" classname="GoogleTest.GoogleTest"/>
  <testcase name="test7" time="15.224" classname="GoogleTest.GoogleTest"/>
  <testcase name="test4" time="15.049" classname="GoogleTest.GoogleTest"/>
  <testcase name="test13" time="14.804" classname="GoogleTest.GoogleTest"/>
  <testcase name="test11" time="14.574" classname="GoogleTest.GoogleTest"/>
  <testcase name="test1" time="18.169" classname="GoogleTest.GoogleTest"/>
  <testcase name="test8" time="17.486" classname="GoogleTest.GoogleTest"/>
</testsuite> <!-- GoogleTest.GoogleTest -->
